<?xml version="1.0" encoding="UTF-8"?>
<!-- Generated by org.testng.reporters.JUnitReportReporter -->
<testsuite failures="0" tests="1" name="com.qa.hs.tests.LoginTest" time="30.158" errors="0" timestamp="16 Aug 2021 16:03:32 GMT" skipped="0">
  <testcase classname="com.qa.hs.tests.LoginTest" name="loginTest" time="30.158"/>
</testsuite> <!-- com.qa.hs.tests.LoginTest -->
